  Platformer.cpp
C:\Users\Luke\Documents\C++ crap\Platformer\Platformer\Animation.h(19,30): warning C4018: '<': signed/unsigned mismatch
C:\Users\Luke\Documents\C++ crap\Platformer\Platformer\Animation.h(23,35): warning C4244: 'argument': conversion from 'int' to 'float', possible loss of data
C:\Users\Luke\Documents\C++ crap\Platformer\Platformer\Animation.h(23,28): warning C4244: 'argument': conversion from 'int' to 'float', possible loss of data
C:\Users\Luke\Documents\C++ crap\Platformer\Platformer\Animation.h(48,13): warning C4244: '=': conversion from 'int' to 'float', possible loss of data
C:\Users\Luke\Documents\C++ crap\Platformer\Platformer\Animation.h(49,13): warning C4244: '=': conversion from 'int' to 'float', possible loss of data
C:\Users\Luke\Documents\C++ crap\Platformer\Platformer\Platformer.cpp(46,12): warning C4244: 'argument': conversion from 'time_t' to 'unsigned int', possible loss of data
C:\Users\Luke\Documents\C++ crap\Platformer\Platformer\Platformer.cpp(132,76): warning C4305: 'argument': truncation from 'double' to 'float'
C:\Users\Luke\Documents\C++ crap\Platformer\Platformer\Platformer.cpp(133,76): warning C4305: 'argument': truncation from 'double' to 'float'
C:\Users\Luke\Documents\C++ crap\Platformer\Platformer\Platformer.cpp(134,76): warning C4305: 'argument': truncation from 'double' to 'float'
C:\Users\Luke\Documents\C++ crap\Platformer\Platformer\Platformer.cpp(135,76): warning C4305: 'argument': truncation from 'double' to 'float'
C:\Users\Luke\Documents\C++ crap\Platformer\Platformer\Platformer.cpp(160,68): warning C4244: 'argument': conversion from 'T' to 'T', possible loss of data
          with
          [
              T=unsigned int
          ]
          and
          [
              T=float
          ]
C:\Users\Luke\Documents\C++ crap\Platformer\Platformer\Platformer.cpp(160,39): warning C4244: 'argument': conversion from 'T' to 'T', possible loss of data
          with
          [
              T=unsigned int
          ]
          and
          [
              T=float
          ]
C:\Users\Luke\Documents\C++ crap\Platformer\Platformer\Platformer.cpp(204,28): warning C4244: 'argument': conversion from 'int' to 'float', possible loss of data
C:\Users\Luke\Documents\C++ crap\Platformer\Platformer\Platformer.cpp(215,28): warning C4244: 'argument': conversion from 'int' to 'float', possible loss of data
C:\Users\Luke\Documents\C++ crap\Platformer\Platformer\Platformer.cpp(225,25): warning C4244: 'argument': conversion from 'int' to 'float', possible loss of data
C:\Users\Luke\Documents\C++ crap\Platformer\Platformer\Platformer.cpp(235,25): warning C4244: 'argument': conversion from 'int' to 'float', possible loss of data
C:\Users\Luke\Documents\C++ crap\Platformer\Platformer\Platformer.cpp(330,82): warning C4244: 'argument': conversion from 'T' to 'int', possible loss of data
          with
          [
              T=float
          ]
C:\Users\Luke\Documents\C++ crap\Platformer\Platformer\Platformer.cpp(330,66): warning C4244: 'argument': conversion from 'T' to 'int', possible loss of data
          with
          [
              T=float
          ]
C:\Users\Luke\Documents\C++ crap\Platformer\Platformer\Platformer.cpp(331,120): warning C4244: 'argument': conversion from 'const T' to 'int', possible loss of data
          with
          [
              T=float
          ]
C:\Users\Luke\Documents\C++ crap\Platformer\Platformer\Platformer.cpp(331,85): warning C4244: 'argument': conversion from 'const T' to 'int', possible loss of data
          with
          [
              T=float
          ]
C:\Users\Luke\Documents\C++ crap\Platformer\Platformer\Platformer.cpp(337,22): warning C4018: '<': signed/unsigned mismatch
C:\Users\Luke\Documents\C++ crap\Platformer\Platformer\Platformer.cpp(355,122): warning C4244: 'argument': conversion from 'const T' to 'int', possible loss of data
          with
          [
              T=float
          ]
C:\Users\Luke\Documents\C++ crap\Platformer\Platformer\Platformer.cpp(355,87): warning C4244: 'argument': conversion from 'const T' to 'int', possible loss of data
          with
          [
              T=float
          ]
C:\Users\Luke\Documents\C++ crap\Platformer\Platformer\Platformer.cpp(366,22): warning C4018: '<': signed/unsigned mismatch
C:\Users\Luke\Documents\C++ crap\Platformer\Platformer\Platformer.cpp(427,75): warning C4244: 'argument': conversion from 'T' to 'float', possible loss of data
          with
          [
              T=unsigned int
          ]
C:\Users\Luke\Documents\C++ crap\Platformer\Platformer\Platformer.cpp(427,51): warning C4244: 'argument': conversion from 'T' to 'float', possible loss of data
          with
          [
              T=unsigned int
          ]
  Generating code
  1 of 422 functions ( 0.2%) were compiled, the rest were copied from previous compilation.
    0 functions were new in current compilation
    1 functions had inline decision re-evaluated but remain unchanged
  Finished generating code
  Platformer.vcxproj -> C:\Users\Luke\Documents\C++ crap\Platformer\Release\Platformer.exe
